[debug] [2019-08-25T06:28:07.604Z] ----------------------------------------------------------------------
[debug] [2019-08-25T06:28:07.606Z] Command:       C:\Program Files\nodejs\node.exe C:\Users\Sarvesh\AppData\Roaming\npm\node_modules\firebase-tools\lib\bin\firebase.js init
[debug] [2019-08-25T06:28:07.606Z] CLI Version:   7.2.4
[debug] [2019-08-25T06:28:07.606Z] Platform:      win32
[debug] [2019-08-25T06:28:07.606Z] Node Version:  v10.15.3
[debug] [2019-08-25T06:28:07.607Z] Time:          Sun Aug 25 2019 11:58:07 GMT+0530 (India Standard Time)
[debug] [2019-08-25T06:28:07.607Z] ----------------------------------------------------------------------
[debug] 
[debug] [2019-08-25T06:28:07.613Z] > command requires scopes: ["email","openid","https://www.googleapis.com/auth/cloudplatformprojects.readonly","https://www.googleapis.com/auth/firebase","https://www.googleapis.com/auth/cloud-platform"]
[debug] [2019-08-25T06:28:07.613Z] > authorizing via signed-in user
[info] 
     ######## #### ########  ######## ########     ###     ######  ########
     ##        ##  ##     ## ##       ##     ##  ##   ##  ##       ##
     ######    ##  ########  ######   ########  #########  ######  ######
     ##        ##  ##    ##  ##       ##     ## ##     ##       ## ##
     ##       #### ##     ## ######## ########  ##     ##  ######  ########

You're about to initialize a Firebase project in this directory:

  C:\Users\Sarvesh\Desktop\web\blk-design-system-react-master

[info] 
=== Project Setup
[info] 
[info] First, let's associate this project directory with a Firebase project.
[info] You can create multiple project aliases by running firebase use --add, 
[info] but for now we'll just set up a default project.
[info] 
[debug] [2019-08-25T06:28:57.223Z] >>> HTTP REQUEST GET https://firebase.googleapis.com/v1beta1/projects?pageSize=100  
 
[debug] [2019-08-25T06:28:58.207Z] <<< HTTP RESPONSE 200
